The system is: Linux - 3.2.0-4-amd64 - x86_64
Compiling the CXX compiler identification source file "CMakeCXXCompilerId.cpp" succeeded.
Compiler: /apps/gcc-7.2.0/bin/g++ 
Build flags: 
Id flags: 

The output was:
0


Compilation of the CXX compiler identification source "CMakeCXXCompilerId.cpp" produced "a.out"

The CXX compiler identification is GNU, found in "/home/k3501/k354524/master_thesis_work/programs/src/recurrence_quantitative_analysis/determinism/build/CMakeFiles/3.5.2/CompilerIdCXX/a.out"

Determining if the CXX compiler works passed with the following output:
Change Dir: /home/k3501/k354524/master_thesis_work/programs/src/recurrence_quantitative_analysis/determinism/build/CMakeFiles/CMakeTmp

Run Build Command:"/usr/bin/make" "cmTC_f74c1/fast"
/usr/bin/make -f CMakeFiles/cmTC_f74c1.dir/build.make CMakeFiles/cmTC_f74c1.dir/build
make[1]: Entering directory `/home/k3501/k354524/master_thesis_work/programs/src/recurrence_quantitative_analysis/determinism/build/CMakeFiles/CMakeTmp'
Building CXX object CMakeFiles/cmTC_f74c1.dir/testCXXCompiler.cxx.o
/apps/gcc-7.2.0/bin/g++      -o CMakeFiles/cmTC_f74c1.dir/testCXXCompiler.cxx.o -c /home/k3501/k354524/master_thesis_work/programs/src/recurrence_quantitative_analysis/determinism/build/CMakeFiles/CMakeTmp/testCXXCompiler.cxx
Linking CXX executable cmTC_f74c1
/apps/extralibs/bin/cmake -E cmake_link_script CMakeFiles/cmTC_f74c1.dir/link.txt --verbose=1
/apps/gcc-7.2.0/bin/g++        CMakeFiles/cmTC_f74c1.dir/testCXXCompiler.cxx.o  -o cmTC_f74c1 -rdynamic 
make[1]: Leaving directory `/home/k3501/k354524/master_thesis_work/programs/src/recurrence_quantitative_analysis/determinism/build/CMakeFiles/CMakeTmp'


Detecting CXX compiler ABI info compiled with the following output:
Change Dir: /home/k3501/k354524/master_thesis_work/programs/src/recurrence_quantitative_analysis/determinism/build/CMakeFiles/CMakeTmp

Run Build Command:"/usr/bin/make" "cmTC_d2a97/fast"
/usr/bin/make -f CMakeFiles/cmTC_d2a97.dir/build.make CMakeFiles/cmTC_d2a97.dir/build
make[1]: Entering directory `/home/k3501/k354524/master_thesis_work/programs/src/recurrence_quantitative_analysis/determinism/build/CMakeFiles/CMakeTmp'
Building CXX object CMakeFiles/cmTC_d2a97.dir/CMakeCXXCompilerABI.cpp.o
/apps/gcc-7.2.0/bin/g++      -o CMakeFiles/cmTC_d2a97.dir/CMakeCXXCompilerABI.cpp.o -c /apps/extralibs/share/cmake-3.5/Modules/CMakeCXXCompilerABI.cpp
Linking CXX executable cmTC_d2a97
/apps/extralibs/bin/cmake -E cmake_link_script CMakeFiles/cmTC_d2a97.dir/link.txt --verbose=1
/apps/gcc-7.2.0/bin/g++       -v CMakeFiles/cmTC_d2a97.dir/CMakeCXXCompilerABI.cpp.o  -o cmTC_d2a97 -rdynamic  
Using built-in specs.
COLLECT_GCC=/apps/gcc-7.2.0/bin/g++
COLLECT_LTO_WRAPPER=/apps/gcc-7.2.0/libexec/gcc/x86_64-pc-linux-gnu/7.2.0/lto-wrapper
Target: x86_64-pc-linux-gnu
Configured with: ../gcc-7.2.0/configure --prefix=/apps/gcc-7.2.0
Thread model: posix
gcc version 7.2.0 (GCC) 
COMPILER_PATH=/apps/gcc-7.2.0/libexec/gcc/x86_64-pc-linux-gnu/7.2.0/:/apps/gcc-7.2.0/libexec/gcc/x86_64-pc-linux-gnu/7.2.0/:/apps/gcc-7.2.0/libexec/gcc/x86_64-pc-linux-gnu/:/apps/gcc-7.2.0/lib/gcc/x86_64-pc-linux-gnu/7.2.0/:/apps/gcc-7.2.0/lib/gcc/x86_64-pc-linux-gnu/
LIBRARY_PATH=/apps/gcc-7.2.0/lib/gcc/x86_64-pc-linux-gnu/7.2.0/:/apps/gcc-7.2.0/lib/gcc/x86_64-pc-linux-gnu/7.2.0/../../../../lib64/:/lib/x86_64-linux-gnu/:/lib/../lib64/:/usr/lib/x86_64-linux-gnu/:/apps/extralibs/lib/:/apps/mvapich2-2.2/lib/:/apps/gcc-7.2.0/lib/gcc/x86_64-pc-linux-gnu/7.2.0/../../../:/lib/:/usr/lib/
COLLECT_GCC_OPTIONS='-v' '-o' 'cmTC_d2a97' '-rdynamic' '-shared-libgcc' '-mtune=generic' '-march=x86-64'
 /apps/gcc-7.2.0/libexec/gcc/x86_64-pc-linux-gnu/7.2.0/collect2 -plugin /apps/gcc-7.2.0/libexec/gcc/x86_64-pc-linux-gnu/7.2.0/liblto_plugin.so -plugin-opt=/apps/gcc-7.2.0/libexec/gcc/x86_64-pc-linux-gnu/7.2.0/lto-wrapper -plugin-opt=-fresolution=/tmp/ccK7hCWG.res -plugin-opt=-pass-through=-lgcc_s -plugin-opt=-pass-through=-lgcc -plugin-opt=-pass-through=-lc -plugin-opt=-pass-through=-lgcc_s -plugin-opt=-pass-through=-lgcc --eh-frame-hdr -m elf_x86_64 -export-dynamic -dynamic-linker /lib64/ld-linux-x86-64.so.2 -o cmTC_d2a97 /usr/lib/x86_64-linux-gnu/crt1.o /usr/lib/x86_64-linux-gnu/crti.o /apps/gcc-7.2.0/lib/gcc/x86_64-pc-linux-gnu/7.2.0/crtbegin.o -L/apps/gcc-7.2.0/lib/gcc/x86_64-pc-linux-gnu/7.2.0 -L/apps/gcc-7.2.0/lib/gcc/x86_64-pc-linux-gnu/7.2.0/../../../../lib64 -L/lib/x86_64-linux-gnu -L/lib/../lib64 -L/usr/lib/x86_64-linux-gnu -L/apps/extralibs/lib -L/apps/mvapich2-2.2/lib -L/apps/gcc-7.2.0/lib/gcc/x86_64-pc-linux-gnu/7.2.0/../../.. CMakeFiles/cmTC_d2a97.dir/CMakeCXXCompilerABI.cpp.o -lstdc++ -lm -lgcc_s -lgcc -lc -lgcc_s -lgcc /apps/gcc-7.2.0/lib/gcc/x86_64-pc-linux-gnu/7.2.0/crtend.o /usr/lib/x86_64-linux-gnu/crtn.o
COLLECT_GCC_OPTIONS='-v' '-o' 'cmTC_d2a97' '-rdynamic' '-shared-libgcc' '-mtune=generic' '-march=x86-64'
make[1]: Leaving directory `/home/k3501/k354524/master_thesis_work/programs/src/recurrence_quantitative_analysis/determinism/build/CMakeFiles/CMakeTmp'


Parsed CXX implicit link information from above output:
  link line regex: [^( *|.*[/\])(ld|([^/\]+-)?ld|collect2)[^/\]*( |$)]
  ignore line: [Change Dir: /home/k3501/k354524/master_thesis_work/programs/src/recurrence_quantitative_analysis/determinism/build/CMakeFiles/CMakeTmp]
  ignore line: []
  ignore line: [Run Build Command:"/usr/bin/make" "cmTC_d2a97/fast"]
  ignore line: [/usr/bin/make -f CMakeFiles/cmTC_d2a97.dir/build.make CMakeFiles/cmTC_d2a97.dir/build]
  ignore line: [make[1]: Entering directory `/home/k3501/k354524/master_thesis_work/programs/src/recurrence_quantitative_analysis/determinism/build/CMakeFiles/CMakeTmp']
  ignore line: [Building CXX object CMakeFiles/cmTC_d2a97.dir/CMakeCXXCompilerABI.cpp.o]
  ignore line: [/apps/gcc-7.2.0/bin/g++      -o CMakeFiles/cmTC_d2a97.dir/CMakeCXXCompilerABI.cpp.o -c /apps/extralibs/share/cmake-3.5/Modules/CMakeCXXCompilerABI.cpp]
  ignore line: [Linking CXX executable cmTC_d2a97]
  ignore line: [/apps/extralibs/bin/cmake -E cmake_link_script CMakeFiles/cmTC_d2a97.dir/link.txt --verbose=1]
  ignore line: [/apps/gcc-7.2.0/bin/g++       -v CMakeFiles/cmTC_d2a97.dir/CMakeCXXCompilerABI.cpp.o  -o cmTC_d2a97 -rdynamic  ]
  ignore line: [Using built-in specs.]
  ignore line: [COLLECT_GCC=/apps/gcc-7.2.0/bin/g++]
  ignore line: [COLLECT_LTO_WRAPPER=/apps/gcc-7.2.0/libexec/gcc/x86_64-pc-linux-gnu/7.2.0/lto-wrapper]
  ignore line: [Target: x86_64-pc-linux-gnu]
  ignore line: [Configured with: ../gcc-7.2.0/configure --prefix=/apps/gcc-7.2.0]
  ignore line: [Thread model: posix]
  ignore line: [gcc version 7.2.0 (GCC) ]
  ignore line: [COMPILER_PATH=/apps/gcc-7.2.0/libexec/gcc/x86_64-pc-linux-gnu/7.2.0/:/apps/gcc-7.2.0/libexec/gcc/x86_64-pc-linux-gnu/7.2.0/:/apps/gcc-7.2.0/libexec/gcc/x86_64-pc-linux-gnu/:/apps/gcc-7.2.0/lib/gcc/x86_64-pc-linux-gnu/7.2.0/:/apps/gcc-7.2.0/lib/gcc/x86_64-pc-linux-gnu/]
  ignore line: [LIBRARY_PATH=/apps/gcc-7.2.0/lib/gcc/x86_64-pc-linux-gnu/7.2.0/:/apps/gcc-7.2.0/lib/gcc/x86_64-pc-linux-gnu/7.2.0/../../../../lib64/:/lib/x86_64-linux-gnu/:/lib/../lib64/:/usr/lib/x86_64-linux-gnu/:/apps/extralibs/lib/:/apps/mvapich2-2.2/lib/:/apps/gcc-7.2.0/lib/gcc/x86_64-pc-linux-gnu/7.2.0/../../../:/lib/:/usr/lib/]
  ignore line: [COLLECT_GCC_OPTIONS='-v' '-o' 'cmTC_d2a97' '-rdynamic' '-shared-libgcc' '-mtune=generic' '-march=x86-64']
  link line: [ /apps/gcc-7.2.0/libexec/gcc/x86_64-pc-linux-gnu/7.2.0/collect2 -plugin /apps/gcc-7.2.0/libexec/gcc/x86_64-pc-linux-gnu/7.2.0/liblto_plugin.so -plugin-opt=/apps/gcc-7.2.0/libexec/gcc/x86_64-pc-linux-gnu/7.2.0/lto-wrapper -plugin-opt=-fresolution=/tmp/ccK7hCWG.res -plugin-opt=-pass-through=-lgcc_s -plugin-opt=-pass-through=-lgcc -plugin-opt=-pass-through=-lc -plugin-opt=-pass-through=-lgcc_s -plugin-opt=-pass-through=-lgcc --eh-frame-hdr -m elf_x86_64 -export-dynamic -dynamic-linker /lib64/ld-linux-x86-64.so.2 -o cmTC_d2a97 /usr/lib/x86_64-linux-gnu/crt1.o /usr/lib/x86_64-linux-gnu/crti.o /apps/gcc-7.2.0/lib/gcc/x86_64-pc-linux-gnu/7.2.0/crtbegin.o -L/apps/gcc-7.2.0/lib/gcc/x86_64-pc-linux-gnu/7.2.0 -L/apps/gcc-7.2.0/lib/gcc/x86_64-pc-linux-gnu/7.2.0/../../../../lib64 -L/lib/x86_64-linux-gnu -L/lib/../lib64 -L/usr/lib/x86_64-linux-gnu -L/apps/extralibs/lib -L/apps/mvapich2-2.2/lib -L/apps/gcc-7.2.0/lib/gcc/x86_64-pc-linux-gnu/7.2.0/../../.. CMakeFiles/cmTC_d2a97.dir/CMakeCXXCompilerABI.cpp.o -lstdc++ -lm -lgcc_s -lgcc -lc -lgcc_s -lgcc /apps/gcc-7.2.0/lib/gcc/x86_64-pc-linux-gnu/7.2.0/crtend.o /usr/lib/x86_64-linux-gnu/crtn.o]
    arg [/apps/gcc-7.2.0/libexec/gcc/x86_64-pc-linux-gnu/7.2.0/collect2] ==> ignore
    arg [-plugin] ==> ignore
    arg [/apps/gcc-7.2.0/libexec/gcc/x86_64-pc-linux-gnu/7.2.0/liblto_plugin.so] ==> ignore
    arg [-plugin-opt=/apps/gcc-7.2.0/libexec/gcc/x86_64-pc-linux-gnu/7.2.0/lto-wrapper] ==> ignore
    arg [-plugin-opt=-fresolution=/tmp/ccK7hCWG.res] ==> ignore
    arg [-plugin-opt=-pass-through=-lgcc_s] ==> ignore
    arg [-plugin-opt=-pass-through=-lgcc] ==> ignore
    arg [-plugin-opt=-pass-through=-lc] ==> ignore
    arg [-plugin-opt=-pass-through=-lgcc_s] ==> ignore
    arg [-plugin-opt=-pass-through=-lgcc] ==> ignore
    arg [--eh-frame-hdr] ==> ignore
    arg [-m] ==> ignore
    arg [elf_x86_64] ==> ignore
    arg [-export-dynamic] ==> ignore
    arg [-dynamic-linker] ==> ignore
    arg [/lib64/ld-linux-x86-64.so.2] ==> ignore
    arg [-o] ==> ignore
    arg [cmTC_d2a97] ==> ignore
    arg [/usr/lib/x86_64-linux-gnu/crt1.o] ==> ignore
    arg [/usr/lib/x86_64-linux-gnu/crti.o] ==> ignore
    arg [/apps/gcc-7.2.0/lib/gcc/x86_64-pc-linux-gnu/7.2.0/crtbegin.o] ==> ignore
    arg [-L/apps/gcc-7.2.0/lib/gcc/x86_64-pc-linux-gnu/7.2.0] ==> dir [/apps/gcc-7.2.0/lib/gcc/x86_64-pc-linux-gnu/7.2.0]
    arg [-L/apps/gcc-7.2.0/lib/gcc/x86_64-pc-linux-gnu/7.2.0/../../../../lib64] ==> dir [/apps/gcc-7.2.0/lib/gcc/x86_64-pc-linux-gnu/7.2.0/../../../../lib64]
    arg [-L/lib/x86_64-linux-gnu] ==> dir [/lib/x86_64-linux-gnu]
    arg [-L/lib/../lib64] ==> dir [/lib/../lib64]
    arg [-L/usr/lib/x86_64-linux-gnu] ==> dir [/usr/lib/x86_64-linux-gnu]
    arg [-L/apps/extralibs/lib] ==> dir [/apps/extralibs/lib]
    arg [-L/apps/mvapich2-2.2/lib] ==> dir [/apps/mvapich2-2.2/lib]
    arg [-L/apps/gcc-7.2.0/lib/gcc/x86_64-pc-linux-gnu/7.2.0/../../..] ==> dir [/apps/gcc-7.2.0/lib/gcc/x86_64-pc-linux-gnu/7.2.0/../../..]
    arg [CMakeFiles/cmTC_d2a97.dir/CMakeCXXCompilerABI.cpp.o] ==> ignore
    arg [-lstdc++] ==> lib [stdc++]
    arg [-lm] ==> lib [m]
    arg [-lgcc_s] ==> lib [gcc_s]
    arg [-lgcc] ==> lib [gcc]
    arg [-lc] ==> lib [c]
    arg [-lgcc_s] ==> lib [gcc_s]
    arg [-lgcc] ==> lib [gcc]
    arg [/apps/gcc-7.2.0/lib/gcc/x86_64-pc-linux-gnu/7.2.0/crtend.o] ==> ignore
    arg [/usr/lib/x86_64-linux-gnu/crtn.o] ==> ignore
  remove lib [gcc_s]
  remove lib [gcc]
  remove lib [gcc_s]
  remove lib [gcc]
  collapse library dir [/apps/gcc-7.2.0/lib/gcc/x86_64-pc-linux-gnu/7.2.0] ==> [/apps/gcc-7.2.0/lib/gcc/x86_64-pc-linux-gnu/7.2.0]
  collapse library dir [/apps/gcc-7.2.0/lib/gcc/x86_64-pc-linux-gnu/7.2.0/../../../../lib64] ==> [/apps/gcc-7.2.0/lib64]
  collapse library dir [/lib/x86_64-linux-gnu] ==> [/lib/x86_64-linux-gnu]
  collapse library dir [/lib/../lib64] ==> [/lib64]
  collapse library dir [/usr/lib/x86_64-linux-gnu] ==> [/usr/lib/x86_64-linux-gnu]
  collapse library dir [/apps/extralibs/lib] ==> [/apps/extralibs/lib]
  collapse library dir [/apps/mvapich2-2.2/lib] ==> [/apps/mvapich2-2.2/lib]
  collapse library dir [/apps/gcc-7.2.0/lib/gcc/x86_64-pc-linux-gnu/7.2.0/../../..] ==> [/apps/gcc-7.2.0/lib]
  implicit libs: [stdc++;m;c]
  implicit dirs: [/apps/gcc-7.2.0/lib/gcc/x86_64-pc-linux-gnu/7.2.0;/apps/gcc-7.2.0/lib64;/lib/x86_64-linux-gnu;/lib64;/usr/lib/x86_64-linux-gnu;/apps/extralibs/lib;/apps/mvapich2-2.2/lib;/apps/gcc-7.2.0/lib]
  implicit fwks: []




Detecting CXX [-std=c++14] compiler features compiled with the following output:
Change Dir: /home/k3501/k354524/master_thesis_work/programs/src/recurrence_quantitative_analysis/determinism/build/CMakeFiles/CMakeTmp

Run Build Command:"/usr/bin/make" "cmTC_7d5f6/fast"
/usr/bin/make -f CMakeFiles/cmTC_7d5f6.dir/build.make CMakeFiles/cmTC_7d5f6.dir/build
make[1]: Entering directory `/home/k3501/k354524/master_thesis_work/programs/src/recurrence_quantitative_analysis/determinism/build/CMakeFiles/CMakeTmp'
Building CXX object CMakeFiles/cmTC_7d5f6.dir/feature_tests.cxx.o
/apps/gcc-7.2.0/bin/g++     -std=c++14 -o CMakeFiles/cmTC_7d5f6.dir/feature_tests.cxx.o -c /home/k3501/k354524/master_thesis_work/programs/src/recurrence_quantitative_analysis/determinism/build/CMakeFiles/feature_tests.cxx
Linking CXX executable cmTC_7d5f6
/apps/extralibs/bin/cmake -E cmake_link_script CMakeFiles/cmTC_7d5f6.dir/link.txt --verbose=1
/apps/gcc-7.2.0/bin/g++        CMakeFiles/cmTC_7d5f6.dir/feature_tests.cxx.o  -o cmTC_7d5f6 -rdynamic 
make[1]: Leaving directory `/home/k3501/k354524/master_thesis_work/programs/src/recurrence_quantitative_analysis/determinism/build/CMakeFiles/CMakeTmp'


    Feature record: CXX_FEATURE:1cxx_aggregate_default_initializers
    Feature record: CXX_FEATURE:1cxx_alias_templates
    Feature record: CXX_FEATURE:1cxx_alignas
    Feature record: CXX_FEATURE:1cxx_alignof
    Feature record: CXX_FEATURE:1cxx_attributes
    Feature record: CXX_FEATURE:1cxx_attribute_deprecated
    Feature record: CXX_FEATURE:1cxx_auto_type
    Feature record: CXX_FEATURE:1cxx_binary_literals
    Feature record: CXX_FEATURE:1cxx_constexpr
    Feature record: CXX_FEATURE:1cxx_contextual_conversions
    Feature record: CXX_FEATURE:1cxx_decltype
    Feature record: CXX_FEATURE:1cxx_decltype_auto
    Feature record: CXX_FEATURE:1cxx_decltype_incomplete_return_types
    Feature record: CXX_FEATURE:1cxx_default_function_template_args
    Feature record: CXX_FEATURE:1cxx_defaulted_functions
    Feature record: CXX_FEATURE:1cxx_defaulted_move_initializers
    Feature record: CXX_FEATURE:1cxx_delegating_constructors
    Feature record: CXX_FEATURE:1cxx_deleted_functions
    Feature record: CXX_FEATURE:1cxx_digit_separators
    Feature record: CXX_FEATURE:1cxx_enum_forward_declarations
    Feature record: CXX_FEATURE:1cxx_explicit_conversions
    Feature record: CXX_FEATURE:1cxx_extended_friend_declarations
    Feature record: CXX_FEATURE:1cxx_extern_templates
    Feature record: CXX_FEATURE:1cxx_final
    Feature record: CXX_FEATURE:1cxx_func_identifier
    Feature record: CXX_FEATURE:1cxx_generalized_initializers
    Feature record: CXX_FEATURE:1cxx_generic_lambdas
    Feature record: CXX_FEATURE:1cxx_inheriting_constructors
    Feature record: CXX_FEATURE:1cxx_inline_namespaces
    Feature record: CXX_FEATURE:1cxx_lambdas
    Feature record: CXX_FEATURE:1cxx_lambda_init_captures
    Feature record: CXX_FEATURE:1cxx_local_type_template_args
    Feature record: CXX_FEATURE:1cxx_long_long_type
    Feature record: CXX_FEATURE:1cxx_noexcept
    Feature record: CXX_FEATURE:1cxx_nonstatic_member_init
    Feature record: CXX_FEATURE:1cxx_nullptr
    Feature record: CXX_FEATURE:1cxx_override
    Feature record: CXX_FEATURE:1cxx_range_for
    Feature record: CXX_FEATURE:1cxx_raw_string_literals
    Feature record: CXX_FEATURE:1cxx_reference_qualified_functions
    Feature record: CXX_FEATURE:1cxx_relaxed_constexpr
    Feature record: CXX_FEATURE:1cxx_return_type_deduction
    Feature record: CXX_FEATURE:1cxx_right_angle_brackets
    Feature record: CXX_FEATURE:1cxx_rvalue_references
    Feature record: CXX_FEATURE:1cxx_sizeof_member
    Feature record: CXX_FEATURE:1cxx_static_assert
    Feature record: CXX_FEATURE:1cxx_strong_enums
    Feature record: CXX_FEATURE:1cxx_template_template_parameters
    Feature record: CXX_FEATURE:1cxx_thread_local
    Feature record: CXX_FEATURE:1cxx_trailing_return_types
    Feature record: CXX_FEATURE:1cxx_unicode_literals
    Feature record: CXX_FEATURE:1cxx_uniform_initialization
    Feature record: CXX_FEATURE:1cxx_unrestricted_unions
    Feature record: CXX_FEATURE:1cxx_user_literals
    Feature record: CXX_FEATURE:1cxx_variable_templates
    Feature record: CXX_FEATURE:1cxx_variadic_macros
    Feature record: CXX_FEATURE:1cxx_variadic_templates


Detecting CXX [-std=c++11] compiler features compiled with the following output:
Change Dir: /home/k3501/k354524/master_thesis_work/programs/src/recurrence_quantitative_analysis/determinism/build/CMakeFiles/CMakeTmp

Run Build Command:"/usr/bin/make" "cmTC_dd375/fast"
/usr/bin/make -f CMakeFiles/cmTC_dd375.dir/build.make CMakeFiles/cmTC_dd375.dir/build
make[1]: Entering directory `/home/k3501/k354524/master_thesis_work/programs/src/recurrence_quantitative_analysis/determinism/build/CMakeFiles/CMakeTmp'
Building CXX object CMakeFiles/cmTC_dd375.dir/feature_tests.cxx.o
/apps/gcc-7.2.0/bin/g++     -std=c++11 -o CMakeFiles/cmTC_dd375.dir/feature_tests.cxx.o -c /home/k3501/k354524/master_thesis_work/programs/src/recurrence_quantitative_analysis/determinism/build/CMakeFiles/feature_tests.cxx
Linking CXX executable cmTC_dd375
/apps/extralibs/bin/cmake -E cmake_link_script CMakeFiles/cmTC_dd375.dir/link.txt --verbose=1
/apps/gcc-7.2.0/bin/g++        CMakeFiles/cmTC_dd375.dir/feature_tests.cxx.o  -o cmTC_dd375 -rdynamic 
make[1]: Leaving directory `/home/k3501/k354524/master_thesis_work/programs/src/recurrence_quantitative_analysis/determinism/build/CMakeFiles/CMakeTmp'


    Feature record: CXX_FEATURE:0cxx_aggregate_default_initializers
    Feature record: CXX_FEATURE:1cxx_alias_templates
    Feature record: CXX_FEATURE:1cxx_alignas
    Feature record: CXX_FEATURE:1cxx_alignof
    Feature record: CXX_FEATURE:1cxx_attributes
    Feature record: CXX_FEATURE:0cxx_attribute_deprecated
    Feature record: CXX_FEATURE:1cxx_auto_type
    Feature record: CXX_FEATURE:0cxx_binary_literals
    Feature record: CXX_FEATURE:1cxx_constexpr
    Feature record: CXX_FEATURE:0cxx_contextual_conversions
    Feature record: CXX_FEATURE:1cxx_decltype
    Feature record: CXX_FEATURE:0cxx_decltype_auto
    Feature record: CXX_FEATURE:1cxx_decltype_incomplete_return_types
    Feature record: CXX_FEATURE:1cxx_default_function_template_args
    Feature record: CXX_FEATURE:1cxx_defaulted_functions
    Feature record: CXX_FEATURE:1cxx_defaulted_move_initializers
    Feature record: CXX_FEATURE:1cxx_delegating_constructors
    Feature record: CXX_FEATURE:1cxx_deleted_functions
    Feature record: CXX_FEATURE:0cxx_digit_separators
    Feature record: CXX_FEATURE:1cxx_enum_forward_declarations
    Feature record: CXX_FEATURE:1cxx_explicit_conversions
    Feature record: CXX_FEATURE:1cxx_extended_friend_declarations
    Feature record: CXX_FEATURE:1cxx_extern_templates
    Feature record: CXX_FEATURE:1cxx_final
    Feature record: CXX_FEATURE:1cxx_func_identifier
    Feature record: CXX_FEATURE:1cxx_generalized_initializers
    Feature record: CXX_FEATURE:0cxx_generic_lambdas
    Feature record: CXX_FEATURE:1cxx_inheriting_constructors
    Feature record: CXX_FEATURE:1cxx_inline_namespaces
    Feature record: CXX_FEATURE:1cxx_lambdas
    Feature record: CXX_FEATURE:0cxx_lambda_init_captures
    Feature record: CXX_FEATURE:1cxx_local_type_template_args
    Feature record: CXX_FEATURE:1cxx_long_long_type
    Feature record: CXX_FEATURE:1cxx_noexcept
    Feature record: CXX_FEATURE:1cxx_nonstatic_member_init
    Feature record: CXX_FEATURE:1cxx_nullptr
    Feature record: CXX_FEATURE:1cxx_override
    Feature record: CXX_FEATURE:1cxx_range_for
    Feature record: CXX_FEATURE:1cxx_raw_string_literals
    Feature record: CXX_FEATURE:1cxx_reference_qualified_functions
    Feature record: CXX_FEATURE:0cxx_relaxed_constexpr
    Feature record: CXX_FEATURE:0cxx_return_type_deduction
    Feature record: CXX_FEATURE:1cxx_right_angle_brackets
    Feature record: CXX_FEATURE:1cxx_rvalue_references
    Feature record: CXX_FEATURE:1cxx_sizeof_member
    Feature record: CXX_FEATURE:1cxx_static_assert
    Feature record: CXX_FEATURE:1cxx_strong_enums
    Feature record: CXX_FEATURE:1cxx_template_template_parameters
    Feature record: CXX_FEATURE:1cxx_thread_local
    Feature record: CXX_FEATURE:1cxx_trailing_return_types
    Feature record: CXX_FEATURE:1cxx_unicode_literals
    Feature record: CXX_FEATURE:1cxx_uniform_initialization
    Feature record: CXX_FEATURE:1cxx_unrestricted_unions
    Feature record: CXX_FEATURE:1cxx_user_literals
    Feature record: CXX_FEATURE:0cxx_variable_templates
    Feature record: CXX_FEATURE:1cxx_variadic_macros
    Feature record: CXX_FEATURE:1cxx_variadic_templates


Detecting CXX [-std=c++98] compiler features compiled with the following output:
Change Dir: /home/k3501/k354524/master_thesis_work/programs/src/recurrence_quantitative_analysis/determinism/build/CMakeFiles/CMakeTmp

Run Build Command:"/usr/bin/make" "cmTC_1b3ea/fast"
/usr/bin/make -f CMakeFiles/cmTC_1b3ea.dir/build.make CMakeFiles/cmTC_1b3ea.dir/build
make[1]: Entering directory `/home/k3501/k354524/master_thesis_work/programs/src/recurrence_quantitative_analysis/determinism/build/CMakeFiles/CMakeTmp'
Building CXX object CMakeFiles/cmTC_1b3ea.dir/feature_tests.cxx.o
/apps/gcc-7.2.0/bin/g++     -std=c++98 -o CMakeFiles/cmTC_1b3ea.dir/feature_tests.cxx.o -c /home/k3501/k354524/master_thesis_work/programs/src/recurrence_quantitative_analysis/determinism/build/CMakeFiles/feature_tests.cxx
Linking CXX executable cmTC_1b3ea
/apps/extralibs/bin/cmake -E cmake_link_script CMakeFiles/cmTC_1b3ea.dir/link.txt --verbose=1
/apps/gcc-7.2.0/bin/g++        CMakeFiles/cmTC_1b3ea.dir/feature_tests.cxx.o  -o cmTC_1b3ea -rdynamic 
make[1]: Leaving directory `/home/k3501/k354524/master_thesis_work/programs/src/recurrence_quantitative_analysis/determinism/build/CMakeFiles/CMakeTmp'


    Feature record: CXX_FEATURE:0cxx_aggregate_default_initializers
    Feature record: CXX_FEATURE:0cxx_alias_templates
    Feature record: CXX_FEATURE:0cxx_alignas
    Feature record: CXX_FEATURE:0cxx_alignof
    Feature record: CXX_FEATURE:0cxx_attributes
    Feature record: CXX_FEATURE:0cxx_attribute_deprecated
    Feature record: CXX_FEATURE:0cxx_auto_type
    Feature record: CXX_FEATURE:0cxx_binary_literals
    Feature record: CXX_FEATURE:0cxx_constexpr
    Feature record: CXX_FEATURE:0cxx_contextual_conversions
    Feature record: CXX_FEATURE:0cxx_decltype
    Feature record: CXX_FEATURE:0cxx_decltype_auto
    Feature record: CXX_FEATURE:0cxx_decltype_incomplete_return_types
    Feature record: CXX_FEATURE:0cxx_default_function_template_args
    Feature record: CXX_FEATURE:0cxx_defaulted_functions
    Feature record: CXX_FEATURE:0cxx_defaulted_move_initializers
    Feature record: CXX_FEATURE:0cxx_delegating_constructors
    Feature record: CXX_FEATURE:0cxx_deleted_functions
    Feature record: CXX_FEATURE:0cxx_digit_separators
    Feature record: CXX_FEATURE:0cxx_enum_forward_declarations
    Feature record: CXX_FEATURE:0cxx_explicit_conversions
    Feature record: CXX_FEATURE:0cxx_extended_friend_declarations
    Feature record: CXX_FEATURE:0cxx_extern_templates
    Feature record: CXX_FEATURE:0cxx_final
    Feature record: CXX_FEATURE:0cxx_func_identifier
    Feature record: CXX_FEATURE:0cxx_generalized_initializers
    Feature record: CXX_FEATURE:0cxx_generic_lambdas
    Feature record: CXX_FEATURE:0cxx_inheriting_constructors
    Feature record: CXX_FEATURE:0cxx_inline_namespaces
    Feature record: CXX_FEATURE:0cxx_lambdas
    Feature record: CXX_FEATURE:0cxx_lambda_init_captures
    Feature record: CXX_FEATURE:0cxx_local_type_template_args
    Feature record: CXX_FEATURE:0cxx_long_long_type
    Feature record: CXX_FEATURE:0cxx_noexcept
    Feature record: CXX_FEATURE:0cxx_nonstatic_member_init
    Feature record: CXX_FEATURE:0cxx_nullptr
    Feature record: CXX_FEATURE:0cxx_override
    Feature record: CXX_FEATURE:0cxx_range_for
    Feature record: CXX_FEATURE:0cxx_raw_string_literals
    Feature record: CXX_FEATURE:0cxx_reference_qualified_functions
    Feature record: CXX_FEATURE:0cxx_relaxed_constexpr
    Feature record: CXX_FEATURE:0cxx_return_type_deduction
    Feature record: CXX_FEATURE:0cxx_right_angle_brackets
    Feature record: CXX_FEATURE:0cxx_rvalue_references
    Feature record: CXX_FEATURE:0cxx_sizeof_member
    Feature record: CXX_FEATURE:0cxx_static_assert
    Feature record: CXX_FEATURE:0cxx_strong_enums
    Feature record: CXX_FEATURE:1cxx_template_template_parameters
    Feature record: CXX_FEATURE:0cxx_thread_local
    Feature record: CXX_FEATURE:0cxx_trailing_return_types
    Feature record: CXX_FEATURE:0cxx_unicode_literals
    Feature record: CXX_FEATURE:0cxx_uniform_initialization
    Feature record: CXX_FEATURE:0cxx_unrestricted_unions
    Feature record: CXX_FEATURE:0cxx_user_literals
    Feature record: CXX_FEATURE:0cxx_variable_templates
    Feature record: CXX_FEATURE:0cxx_variadic_macros
    Feature record: CXX_FEATURE:0cxx_variadic_templates
